<?xml version="1.0" encoding="UTF-8"?>
<!-- Generated by org.testng.reporters.JUnitXMLReporter -->
<testsuite ignored="0" hostname="Himanshu" failures="0" tests="8" name="Default test" time="34.655" errors="0" timestamp="2024-03-02T11:42:25 IST">
  <testcase classname="Validation.TestClass" name="verifyLogoText" time="0.963"/>
  <testcase classname="Validation.TestClass" name="verifyProduct" time="5.559"/>
  <testcase classname="Validation.TestClass" name="verifyProduct2" time="0.892"/>
  <testcase classname="Validation.TestClass" name="verifyCartButton" time="0.279"/>
  <testcase classname="Validation.TestClass" name="verifyProductAddtoCart" time="1.088"/>
  <testcase classname="Validation.TestClass" name="verifyOrderFunctionality" time="8.909"/>
  <testcase classname="Validation.TestClass" name="VerifyFirstButton" time="0.397"/>
  <testcase classname="Validation.TestClass" name="VerifyRSLogin" time="9.546"/>
</testsuite> <!-- Default test -->
