<?xml version="1.0" encoding="UTF-8"?>
<!-- Generated by org.testng.reporters.JUnitXMLReporter -->
<testsuite ignored="0" hostname="Himanshu" failures="0" tests="8" name="Default test" time="34.451" errors="0" timestamp="2024-03-02T12:34:00 IST">
  <testcase classname="Validation.TestClass" name="verifyLogoText" time="0.792"/>
  <testcase classname="Validation.TestClass" name="verifyProduct" time="5.562"/>
  <testcase classname="Validation.TestClass" name="verifyProduct2" time="0.884"/>
  <testcase classname="Validation.TestClass" name="verifyCartButton" time="0.404"/>
  <testcase classname="Validation.TestClass" name="verifyProductAddtoCart" time="3.932"/>
  <testcase classname="Validation.TestClass" name="verifyOrderFunctionality" time="8.966"/>
  <testcase classname="Validation.TestClass" name="VerifyFirstButton" time="0.412"/>
  <testcase classname="Validation.TestClass" name="VerifyRSLogin" time="9.2"/>
</testsuite> <!-- Default test -->
