<?xml version="1.0" encoding="UTF-8"?>
<!-- Generated by org.testng.reporters.JUnitXMLReporter -->
<testsuite ignored="0" hostname="Himanshu" failures="0" tests="8" name="Test" time="31.386" errors="0" timestamp="2024-03-02T12:08:06 IST">
  <testcase classname="Validation.TestClass" name="verifyLogoText" time="0.619"/>
  <testcase classname="Validation.TestClass" name="verifyProduct" time="5.432"/>
  <testcase classname="Validation.TestClass" name="verifyProduct2" time="0.703"/>
  <testcase classname="Validation.TestClass" name="verifyCartButton" time="0.249"/>
  <testcase classname="Validation.TestClass" name="verifyProductAddtoCart" time="0.818"/>
  <testcase classname="Validation.TestClass" name="verifyOrderFunctionality" time="8.618"/>
  <testcase classname="Validation.TestClass" name="VerifyFirstButton" time="0.336"/>
  <testcase classname="Validation.TestClass" name="VerifyRSLogin" time="10.414"/>
</testsuite> <!-- Test -->
