<?xml version="1.0" encoding="UTF-8"?>
<!-- Generated by org.testng.reporters.JUnitXMLReporter -->
<testsuite ignored="0" hostname="Himanshu" failures="0" tests="8" name="Test" time="31.022" errors="0" timestamp="2024-02-29T17:18:39 IST">
  <testcase classname="Validation.TestClass" name="verifyLogoText" time="0.499"/>
  <testcase classname="Validation.TestClass" name="verifyProduct" time="5.372"/>
  <testcase classname="Validation.TestClass" name="verifyProduct2" time="0.573"/>
  <testcase classname="Validation.TestClass" name="verifyCartButton" time="0.553"/>
  <testcase classname="Validation.TestClass" name="verifyProductAddtoCart" time="0.687"/>
  <testcase classname="Validation.TestClass" name="verifyOrderFunctionality" time="8.293"/>
  <testcase classname="Validation.TestClass" name="VerifyFirstButton" time="0.193"/>
  <testcase classname="Validation.TestClass" name="VerifyRSLogin" time="10.553"/>
</testsuite> <!-- Test -->
