<?xml version="1.0" encoding="UTF-8"?>
<testng-results ignored="0" total="8" passed="8" failed="0" skipped="0">
  <reporter-output>
  </reporter-output>
  <suite started-at="2024-03-02T12:07:35 IST" name="Suite" finished-at="2024-03-02T12:08:06 IST" duration-ms="31386">
    <groups>
    </groups>
    <test started-at="2024-03-02T12:07:35 IST" name="Test" finished-at="2024-03-02T12:08:06 IST" duration-ms="31386">
      <class name="Validation.TestClass">
        <test-method is-config="true" signature="openBrowser()[pri:0, instance:Validation.TestClass@47d9a273]" started-at="2024-03-02T12:07:35 IST" name="openBrowser" finished-at="2024-03-02T12:07:39 IST" duration-ms="4094" status="PASS">
          <reporter-output>
          </reporter-output>
        </test-method> <!-- openBrowser -->
        <test-method signature="verifyLogoText()[pri:1, instance:Validation.TestClass@47d9a273]" started-at="2024-03-02T12:07:39 IST" name="verifyLogoText" finished-at="2024-03-02T12:07:39 IST" duration-ms="619" status="PASS">
          <reporter-output>
          </reporter-output>
        </test-method> <!-- verifyLogoText -->
        <test-method signature="verifyProduct()[pri:2, instance:Validation.TestClass@47d9a273]" started-at="2024-03-02T12:07:39 IST" name="verifyProduct" finished-at="2024-03-02T12:07:45 IST" duration-ms="5432" status="PASS">
          <reporter-output>
          </reporter-output>
        </test-method> <!-- verifyProduct -->
        <test-method signature="verifyProduct2()[pri:3, instance:Validation.TestClass@47d9a273]" started-at="2024-03-02T12:07:45 IST" name="verifyProduct2" finished-at="2024-03-02T12:07:45 IST" duration-ms="703" status="PASS">
          <reporter-output>
          </reporter-output>
        </test-method> <!-- verifyProduct2 -->
        <test-method signature="verifyCartButton()[pri:4, instance:Validation.TestClass@47d9a273]" started-at="2024-03-02T12:07:45 IST" name="verifyCartButton" finished-at="2024-03-02T12:07:46 IST" duration-ms="249" status="PASS">
          <reporter-output>
          </reporter-output>
        </test-method> <!-- verifyCartButton -->
        <test-method signature="verifyProductAddtoCart()[pri:5, instance:Validation.TestClass@47d9a273]" started-at="2024-03-02T12:07:46 IST" name="verifyProductAddtoCart" finished-at="2024-03-02T12:07:47 IST" duration-ms="818" status="PASS">
          <reporter-output>
          </reporter-output>
        </test-method> <!-- verifyProductAddtoCart -->
        <test-method signature="verifyOrderFunctionality()[pri:6, instance:Validation.TestClass@47d9a273]" started-at="2024-03-02T12:07:47 IST" name="verifyOrderFunctionality" finished-at="2024-03-02T12:07:55 IST" duration-ms="8618" status="PASS">
          <reporter-output>
          </reporter-output>
        </test-method> <!-- verifyOrderFunctionality -->
        <test-method signature="VerifyFirstButton()[pri:7, instance:Validation.TestClass@47d9a273]" started-at="2024-03-02T12:07:55 IST" name="VerifyFirstButton" finished-at="2024-03-02T12:07:56 IST" duration-ms="336" status="PASS">
          <reporter-output>
          </reporter-output>
        </test-method> <!-- VerifyFirstButton -->
        <test-method signature="VerifyRSLogin()[pri:8, instance:Validation.TestClass@47d9a273]" started-at="2024-03-02T12:07:56 IST" name="VerifyRSLogin" finished-at="2024-03-02T12:08:06 IST" duration-ms="10414" status="PASS">
          <reporter-output>
          </reporter-output>
        </test-method> <!-- VerifyRSLogin -->
        <test-method is-config="true" signature="closeBrowser()[pri:0, instance:Validation.TestClass@47d9a273]" started-at="2024-03-02T12:08:06 IST" name="closeBrowser" finished-at="2024-03-02T12:08:06 IST" duration-ms="57" status="PASS">
          <reporter-output>
          </reporter-output>
        </test-method> <!-- closeBrowser -->
      </class> <!-- Validation.TestClass -->
    </test> <!-- Test -->
  </suite> <!-- Suite -->
</testng-results>
