<?xml version="1.0" encoding="UTF-8"?>
<testsuite xmlns:xsi="http://www.w3.org/2001/XMLSchema-instance" xsi:noNamespaceSchemaLocation="https://maven.apache.org/surefire/maven-surefire-plugin/xsd/surefire-test-report-3.0.xsd" version="3.0" name="TestSuite" time="31.771" tests="8" errors="0" skipped="0" failures="0">
  <properties>
[...]
</properties>
  <testcase name="verifyLogoText" classname="Validation.TestClass" time="0.501">
    <system-err><![CDATA[SLF4J: Failed to load class "org.slf4j.impl.StaticLoggerBinder".
SLF4J: Defaulting to no-operation (NOP) logger implementation
SLF4J: See http://www.slf4j.org/codes.html#StaticLoggerBinder for further details.
Feb 29, 2024 5:18:11 PM org.openqa.selenium.devtools.CdpVersionFinder findNearestMatch
WARNING: Unable to find an exact match for CDP version 122, returning the closest version; found: 121; Please update to a Selenium version that supports CDP version 122
ERROR StatusLogger Log4j2 could not find a logging implementation. Please add log4j-core to the classpath. Using SimpleLogger to log to the console...
]]></system-err>
  </testcase>
  <testcase name="verifyProduct" classname="Validation.TestClass" time="5.372"/>
  <testcase name="verifyProduct2" classname="Validation.TestClass" time="0.574"/>
  <testcase name="verifyCartButton" classname="Validation.TestClass" time="0.555"/>
  <testcase name="verifyProductAddtoCart" classname="Validation.TestClass" time="0.686"/>
  <testcase name="verifyOrderFunctionality" classname="Validation.TestClass" time="8.293"/>
  <testcase name="VerifyFirstButton" classname="Validation.TestClass" time="0.194"/>
  <testcase name="VerifyRSLogin" classname="Validation.TestClass" time="10.554"/>
</testsuite>