<?xml version="1.0" encoding="UTF-8"?>
<testng-results ignored="0" total="8" passed="8" failed="0" skipped="0">
  <reporter-output>
  </reporter-output>
  <suite started-at="2024-03-02T11:41:50 IST" name="Default suite" finished-at="2024-03-02T11:42:25 IST" duration-ms="34655">
    <groups>
    </groups>
    <test started-at="2024-03-02T11:41:50 IST" name="Default test" finished-at="2024-03-02T11:42:25 IST" duration-ms="34655">
      <class name="Validation.TestClass">
        <test-method is-config="true" signature="openBrowser()[pri:0, instance:Validation.TestClass@e350b40]" started-at="2024-03-02T11:41:50 IST" name="openBrowser" finished-at="2024-03-02T11:41:57 IST" duration-ms="6902" status="PASS">
          <reporter-output>
          </reporter-output>
        </test-method> <!-- openBrowser -->
        <test-method signature="verifyLogoText()[pri:1, instance:Validation.TestClass@e350b40]" started-at="2024-03-02T11:41:57 IST" name="verifyLogoText" finished-at="2024-03-02T11:41:58 IST" duration-ms="963" status="PASS">
          <reporter-output>
          </reporter-output>
        </test-method> <!-- verifyLogoText -->
        <test-method signature="verifyProduct()[pri:2, instance:Validation.TestClass@e350b40]" started-at="2024-03-02T11:41:58 IST" name="verifyProduct" finished-at="2024-03-02T11:42:04 IST" duration-ms="5559" status="PASS">
          <reporter-output>
          </reporter-output>
        </test-method> <!-- verifyProduct -->
        <test-method signature="verifyProduct2()[pri:3, instance:Validation.TestClass@e350b40]" started-at="2024-03-02T11:42:04 IST" name="verifyProduct2" finished-at="2024-03-02T11:42:04 IST" duration-ms="892" status="PASS">
          <reporter-output>
          </reporter-output>
        </test-method> <!-- verifyProduct2 -->
        <test-method signature="verifyCartButton()[pri:4, instance:Validation.TestClass@e350b40]" started-at="2024-03-02T11:42:04 IST" name="verifyCartButton" finished-at="2024-03-02T11:42:05 IST" duration-ms="279" status="PASS">
          <reporter-output>
          </reporter-output>
        </test-method> <!-- verifyCartButton -->
        <test-method signature="verifyProductAddtoCart()[pri:5, instance:Validation.TestClass@e350b40]" started-at="2024-03-02T11:42:05 IST" name="verifyProductAddtoCart" finished-at="2024-03-02T11:42:06 IST" duration-ms="1088" status="PASS">
          <reporter-output>
          </reporter-output>
        </test-method> <!-- verifyProductAddtoCart -->
        <test-method signature="verifyOrderFunctionality()[pri:6, instance:Validation.TestClass@e350b40]" started-at="2024-03-02T11:42:06 IST" name="verifyOrderFunctionality" finished-at="2024-03-02T11:42:15 IST" duration-ms="8909" status="PASS">
          <reporter-output>
          </reporter-output>
        </test-method> <!-- verifyOrderFunctionality -->
        <test-method signature="VerifyFirstButton()[pri:7, instance:Validation.TestClass@e350b40]" started-at="2024-03-02T11:42:15 IST" name="VerifyFirstButton" finished-at="2024-03-02T11:42:15 IST" duration-ms="397" status="PASS">
          <reporter-output>
          </reporter-output>
        </test-method> <!-- VerifyFirstButton -->
        <test-method signature="VerifyRSLogin()[pri:8, instance:Validation.TestClass@e350b40]" started-at="2024-03-02T11:42:15 IST" name="VerifyRSLogin" finished-at="2024-03-02T11:42:25 IST" duration-ms="9546" status="PASS">
          <reporter-output>
          </reporter-output>
        </test-method> <!-- VerifyRSLogin -->
        <test-method is-config="true" signature="closeBrowser()[pri:0, instance:Validation.TestClass@e350b40]" started-at="2024-03-02T11:42:25 IST" name="closeBrowser" finished-at="2024-03-02T11:42:25 IST" duration-ms="54" status="PASS">
          <reporter-output>
          </reporter-output>
        </test-method> <!-- closeBrowser -->
      </class> <!-- Validation.TestClass -->
    </test> <!-- Default test -->
  </suite> <!-- Default suite -->
</testng-results>
