<?xml version="1.0" encoding="UTF-8"?>
<testng-results ignored="0" total="8" passed="8" failed="0" skipped="0">
  <reporter-output>
  </reporter-output>
  <suite started-at="2024-03-02T12:33:25 IST" name="Default suite" finished-at="2024-03-02T12:34:00 IST" duration-ms="34451">
    <groups>
    </groups>
    <test started-at="2024-03-02T12:33:25 IST" name="Default test" finished-at="2024-03-02T12:34:00 IST" duration-ms="34451">
      <class name="Validation.TestClass">
        <test-method is-config="true" signature="openBrowser()[pri:0, instance:Validation.TestClass@e350b40]" started-at="2024-03-02T12:33:25 IST" name="openBrowser" finished-at="2024-03-02T12:33:30 IST" duration-ms="4237" status="PASS">
          <reporter-output>
          </reporter-output>
        </test-method> <!-- openBrowser -->
        <test-method signature="verifyLogoText()[pri:1, instance:Validation.TestClass@e350b40]" started-at="2024-03-02T12:33:30 IST" name="verifyLogoText" finished-at="2024-03-02T12:33:30 IST" duration-ms="792" status="PASS">
          <reporter-output>
          </reporter-output>
        </test-method> <!-- verifyLogoText -->
        <test-method signature="verifyProduct()[pri:2, instance:Validation.TestClass@e350b40]" started-at="2024-03-02T12:33:30 IST" name="verifyProduct" finished-at="2024-03-02T12:33:36 IST" duration-ms="5562" status="PASS">
          <reporter-output>
          </reporter-output>
        </test-method> <!-- verifyProduct -->
        <test-method signature="verifyProduct2()[pri:3, instance:Validation.TestClass@e350b40]" started-at="2024-03-02T12:33:36 IST" name="verifyProduct2" finished-at="2024-03-02T12:33:37 IST" duration-ms="884" status="PASS">
          <reporter-output>
          </reporter-output>
        </test-method> <!-- verifyProduct2 -->
        <test-method signature="verifyCartButton()[pri:4, instance:Validation.TestClass@e350b40]" started-at="2024-03-02T12:33:37 IST" name="verifyCartButton" finished-at="2024-03-02T12:33:37 IST" duration-ms="404" status="PASS">
          <reporter-output>
          </reporter-output>
        </test-method> <!-- verifyCartButton -->
        <test-method signature="verifyProductAddtoCart()[pri:5, instance:Validation.TestClass@e350b40]" started-at="2024-03-02T12:33:37 IST" name="verifyProductAddtoCart" finished-at="2024-03-02T12:33:41 IST" duration-ms="3932" status="PASS">
          <reporter-output>
          </reporter-output>
        </test-method> <!-- verifyProductAddtoCart -->
        <test-method signature="verifyOrderFunctionality()[pri:6, instance:Validation.TestClass@e350b40]" started-at="2024-03-02T12:33:41 IST" name="verifyOrderFunctionality" finished-at="2024-03-02T12:33:50 IST" duration-ms="8966" status="PASS">
          <reporter-output>
          </reporter-output>
        </test-method> <!-- verifyOrderFunctionality -->
        <test-method signature="VerifyFirstButton()[pri:7, instance:Validation.TestClass@e350b40]" started-at="2024-03-02T12:33:50 IST" name="VerifyFirstButton" finished-at="2024-03-02T12:33:51 IST" duration-ms="412" status="PASS">
          <reporter-output>
          </reporter-output>
        </test-method> <!-- VerifyFirstButton -->
        <test-method signature="VerifyRSLogin()[pri:8, instance:Validation.TestClass@e350b40]" started-at="2024-03-02T12:33:51 IST" name="VerifyRSLogin" finished-at="2024-03-02T12:34:00 IST" duration-ms="9200" status="PASS">
          <reporter-output>
          </reporter-output>
        </test-method> <!-- VerifyRSLogin -->
        <test-method is-config="true" signature="closeBrowser()[pri:0, instance:Validation.TestClass@e350b40]" started-at="2024-03-02T12:34:00 IST" name="closeBrowser" finished-at="2024-03-02T12:34:00 IST" duration-ms="1" status="PASS">
          <reporter-output>
          </reporter-output>
        </test-method> <!-- closeBrowser -->
      </class> <!-- Validation.TestClass -->
    </test> <!-- Default test -->
  </suite> <!-- Default suite -->
</testng-results>
